-------------------------------------------------------------------------------
Test set: guru.sfg.beer.inventory.service.BeerInventoryApplicationTests
-------------------------------------------------------------------------------
Tests run: 1, Failures: 0, Errors: 1, Skipped: 0, Time elapsed: 4.295 s <<< FAILURE! - in guru.sfg.beer.inventory.service.BeerInventoryApplicationTests
contextLoads  Time elapsed: 0.004 s  <<< ERROR!
java.lang.IllegalStateException: Failed to load ApplicationContext
Caused by: org.springframework.beans.factory.UnsatisfiedDependencyException: Error creating bean with name 'beerInvntoryBootstrap' defined in file [/Users/mostafarastegar/Desktop/narges/SFG/mssc-beer-inventory-service/target/classes/guru/sfg/beer/inventory/service/bootstrap/BeerInvntoryBootstrap.class]: Unsatisfied dependency expressed through constructor parameter 0; nested exception is org.springframework.beans.factory.BeanCreationException: Error creating bean with name 'beerInventoryRepository': Invocation of init method failed; nested exception is java.lang.IllegalArgumentException: Failed to create query for method public abstract java.util.List guru.sfg.beer.inventory.service.repositories.BeerInventoryRepository.findAllById(java.util.UUID)! Unable to locate Attribute  with the the given name [id] on this ManagedType [guru.sfg.beer.inventory.service.domain.BaseEntity]
Caused by: org.springframework.beans.factory.BeanCreationException: Error creating bean with name 'beerInventoryRepository': Invocation of init method failed; nested exception is java.lang.IllegalArgumentException: Failed to create query for method public abstract java.util.List guru.sfg.beer.inventory.service.repositories.BeerInventoryRepository.findAllById(java.util.UUID)! Unable to locate Attribute  with the the given name [id] on this ManagedType [guru.sfg.beer.inventory.service.domain.BaseEntity]
Caused by: java.lang.IllegalArgumentException: Failed to create query for method public abstract java.util.List guru.sfg.beer.inventory.service.repositories.BeerInventoryRepository.findAllById(java.util.UUID)! Unable to locate Attribute  with the the given name [id] on this ManagedType [guru.sfg.beer.inventory.service.domain.BaseEntity]
Caused by: java.lang.IllegalArgumentException: Unable to locate Attribute  with the the given name [id] on this ManagedType [guru.sfg.beer.inventory.service.domain.BaseEntity]

